2024-11-16 13:44:27 [WARNING]: Intento de inicio de sesión con campos vacíos.
2024-11-16 13:44:27 [WARNING]: Por favor, llena todos los campos!
2024-11-16 13:44:29 [INFO]: Vista cargada: /view/Signup.fxml
2024-11-16 13:44:29 [INFO]: Usuario fue a registro.
2024-11-16 13:44:47 [INFO]: Usuario Esteban Gómez León registrado exitosamente.
2024-11-16 13:44:48 [INFO]: Vista cargada: /view/Login.fxml
2024-11-16 13:45:24 [INFO]: Cuentas cargadas en la lista del usuario Esteban Gómez León
2024-11-16 13:45:25 [INFO]: Vista cargada: /view/UserDashboard.fxml
2024-11-16 13:45:25 [INFO]: Usuario estebangumy05@gmail.com ha iniciado sesión.
2024-11-16 13:45:26 [INFO]: Usuario Esteban Gómez León usó el menú hamburguesa.
2024-11-16 13:45:27 [INFO]: Vista cargada: /view/AccountDashboard.fxml
2024-11-16 13:45:27 [INFO]: Usuario fue a añadir una nueva cuenta.
2024-11-16 13:45:30 [INFO]: Usuario Esteban Gómez León creó la cuenta con número 1231231231 exitosamente.
2024-11-16 13:45:31 [INFO]: Cuentas cargadas en la lista del usuario Esteban Gómez León
2024-11-16 13:45:32 [INFO]: Usuario Esteban Gómez León seleccionó la cuenta 1231231231
2024-11-16 13:45:32 [INFO]: Usuario Esteban Gómez León accedió a la gestión de cuenta: 1231231231
2024-11-16 13:45:34 [INFO]: Cuenta asignada para depósito: 1231231231
2024-11-16 13:45:34 [INFO]: Usuario Esteban Gómez León abrió la vista de depósito para la cuenta 1231231231
2024-11-16 13:45:38 [ERROR]: Error al procesar el depósito para la cuenta 1231231231
2024-11-16 13:51:15 [INFO]: Cuentas cargadas en la lista del usuario Esteban Gómez León
2024-11-16 13:51:15 [INFO]: Vista cargada: /view/UserDashboard.fxml
2024-11-16 13:51:15 [INFO]: Usuario estebangumy05@gmail.com ha iniciado sesión.
2024-11-16 13:51:16 [INFO]: Usuario Esteban Gómez León seleccionó la cuenta 1231231231
2024-11-16 13:51:16 [INFO]: Usuario Esteban Gómez León accedió a la gestión de cuenta: 1231231231
2024-11-16 13:51:17 [INFO]: Cuenta asignada para depósito: 1231231231
2024-11-16 13:51:17 [INFO]: Usuario Esteban Gómez León abrió la vista de depósito para la cuenta 1231231231
2024-11-16 13:51:20 [ERROR]: Error al procesar el depósito para la cuenta 1231231231
2024-11-16 13:52:56 [INFO]: Vista cargada: /view/Signup.fxml
2024-11-16 13:52:56 [INFO]: Usuario fue a registro.
2024-11-16 13:53:07 [INFO]: Usuario a registrado exitosamente.
2024-11-16 13:53:07 [INFO]: Vista cargada: /view/Login.fxml
2024-11-16 13:53:09 [INFO]: Cuentas cargadas en la lista del usuario a
2024-11-16 13:53:09 [INFO]: Vista cargada: /view/UserDashboard.fxml
2024-11-16 13:53:09 [INFO]: Usuario a@gmail.com ha iniciado sesión.
2024-11-16 13:53:10 [INFO]: Usuario a usó el menú hamburguesa.
2024-11-16 13:53:11 [INFO]: Vista cargada: /view/AccountDashboard.fxml
2024-11-16 13:53:11 [INFO]: Usuario fue a añadir una nueva cuenta.
2024-11-16 13:53:15 [INFO]: Usuario a creó la cuenta con número 1231231231 exitosamente.
2024-11-16 13:53:16 [INFO]: Cuentas cargadas en la lista del usuario a
2024-11-16 13:53:17 [INFO]: Usuario a seleccionó la cuenta 1231231231
2024-11-16 13:53:17 [INFO]: Usuario a accedió a la gestión de cuenta: 1231231231
2024-11-16 13:53:19 [INFO]: Cuenta asignada para depósito: 1231231231
2024-11-16 13:53:19 [INFO]: Usuario a abrió la vista de depósito para la cuenta 1231231231
2024-11-16 13:53:20 [INFO]: Depósito exitoso de 121212 en la cuenta 1231231231
2024-11-16 13:53:21 [INFO]: Cuentas cargadas en la lista del usuario a
2024-11-16 13:53:22 [INFO]: Vista cargada: /view/UserDashboard.fxml
2024-11-16 13:53:27 [INFO]: Usuario a seleccionó la cuenta 1231231231
2024-11-16 13:53:27 [INFO]: Usuario a accedió a la gestión de cuenta: 1231231231
2024-11-16 13:53:28 [INFO]: Usuario a abrió la vista de retiro para la cuenta 1231231231
2024-11-16 13:53:31 [INFO]: Retiro exitoso de 121212 de la cuenta 1231231231.
2024-11-16 13:53:32 [INFO]: Cuentas cargadas en la lista del usuario a
2024-11-16 13:53:32 [INFO]: Vista cargada: /view/UserDashboard.fxml
2024-11-16 13:53:34 [INFO]: Usuario a seleccionó la cuenta 1231231231
2024-11-16 13:53:34 [INFO]: Usuario a accedió a la gestión de cuenta: 1231231231
2024-11-16 13:53:34 [INFO]: Cuentas cargadas en ComboBox de transferencia.
2024-11-16 13:53:34 [INFO]: Inicializando Transferencia Dashboard.
2024-11-16 13:53:34 [INFO]: Usuario a abrió la vista de transferencia para la cuenta 1231231231
2024-11-16 13:53:39 [WARNING]: Transferencia fallida: Fondos insuficientes.
